{"/Users/huilenpena/Factoriaf5/github-classroom/u-know-latin-backend/api/src/app.controller.ts": {"path":"/Users/huilenpena/Factoriaf5/github-classroom/u-know-latin-backend/api/src/app.controller.ts","statementMap":{"0":{"start":{"line":1,"column":0},"end":{"line":1,"column":49}},"1":{"start":{"line":2,"column":0},"end":{"line":2,"column":43}},"2":{"start":{"line":5,"column":26},"end":{"line":12,"column":null}},"3":{"start":{"line":6,"column":31},"end":{"line":6,"column":43}},"4":{"start":{"line":10,"column":4},"end":{"line":10,"column":38}},"5":{"start":{"line":9,"column":2},"end":{"line":11,"column":null}},"6":{"start":{"line":5,"column":13},"end":{"line":12,"column":null}}},"fnMap":{"0":{"name":"(anonymous_2)","decl":{"start":{"line":6,"column":2},"end":{"line":6,"column":31}},"loc":{"start":{"line":6,"column":53},"end":{"line":6,"column":57}}},"1":{"name":"(anonymous_3)","decl":{"start":{"line":9,"column":2},"end":{"line":9,"column":10}},"loc":{"start":{"line":9,"column":10},"end":{"line":11,"column":3}}}},"branchMap":{},"s":{"0":1,"1":1,"2":1,"3":1,"4":1,"5":1,"6":1},"f":{"0":1,"1":1},"b":{}}
,"/Users/huilenpena/Factoriaf5/github-classroom/u-know-latin-backend/api/src/app.module.ts": {"path":"/Users/huilenpena/Factoriaf5/github-classroom/u-know-latin-backend/api/src/app.module.ts","statementMap":{"0":{"start":{"line":1,"column":0},"end":{"line":1,"column":40}},"1":{"start":{"line":2,"column":0},"end":{"line":2,"column":49}},"2":{"start":{"line":3,"column":0},"end":{"line":3,"column":43}},"3":{"start":{"line":4,"column":0},"end":{"line":4,"column":48}},"4":{"start":{"line":5,"column":0},"end":{"line":5,"column":50}},"5":{"start":{"line":6,"column":0},"end":{"line":6,"column":48}},"6":{"start":{"line":7,"column":0},"end":{"line":7,"column":57}},"7":{"start":{"line":8,"column":0},"end":{"line":8,"column":46}},"8":{"start":{"line":23,"column":22},"end":{"line":23,"column":null}},"9":{"start":{"line":23,"column":13},"end":{"line":23,"column":null}}},"fnMap":{},"branchMap":{},"s":{"0":0,"1":0,"2":0,"3":0,"4":0,"5":0,"6":0,"7":0,"8":0,"9":0},"f":{},"b":{}}
,"/Users/huilenpena/Factoriaf5/github-classroom/u-know-latin-backend/api/src/app.service.ts": {"path":"/Users/huilenpena/Factoriaf5/github-classroom/u-know-latin-backend/api/src/app.service.ts","statementMap":{"0":{"start":{"line":1,"column":0},"end":{"line":1,"column":44}},"1":{"start":{"line":4,"column":23},"end":{"line":8,"column":null}},"2":{"start":{"line":6,"column":4},"end":{"line":6,"column":24}},"3":{"start":{"line":4,"column":13},"end":{"line":8,"column":null}}},"fnMap":{"0":{"name":"(anonymous_1)","decl":{"start":{"line":5,"column":2},"end":{"line":5,"column":10}},"loc":{"start":{"line":5,"column":10},"end":{"line":7,"column":3}}}},"branchMap":{},"s":{"0":1,"1":1,"2":1,"3":1},"f":{"0":1},"b":{}}
,"/Users/huilenpena/Factoriaf5/github-classroom/u-know-latin-backend/api/src/main.ts": {"path":"/Users/huilenpena/Factoriaf5/github-classroom/u-know-latin-backend/api/src/main.ts","statementMap":{"0":{"start":{"line":1,"column":0},"end":{"line":1,"column":43}},"1":{"start":{"line":2,"column":0},"end":{"line":2,"column":41}},"2":{"start":{"line":3,"column":0},"end":{"line":3,"column":65}},"3":{"start":{"line":4,"column":0},"end":{"line":4,"column":48}},"4":{"start":{"line":7,"column":14},"end":{"line":7,"column":49}},"5":{"start":{"line":8,"column":2},"end":{"line":8,"column":19}},"6":{"start":{"line":9,"column":2},"end":{"line":9,"column":32}},"7":{"start":{"line":10,"column":2},"end":{"line":10,"column":62}},"8":{"start":{"line":12,"column":17},"end":{"line":17,"column":12}},"9":{"start":{"line":18,"column":19},"end":{"line":18,"column":60}},"10":{"start":{"line":19,"column":2},"end":{"line":19,"column":44}},"11":{"start":{"line":21,"column":2},"end":{"line":21,"column":25}},"12":{"start":{"line":23,"column":0},"end":{"line":23,"column":12}}},"fnMap":{"0":{"name":"bootstrap","decl":{"start":{"line":6,"column":15},"end":{"line":6,"column":24}},"loc":{"start":{"line":6,"column":24},"end":{"line":22,"column":1}}}},"branchMap":{},"s":{"0":0,"1":0,"2":0,"3":0,"4":0,"5":0,"6":0,"7":0,"8":0,"9":0,"10":0,"11":0,"12":0},"f":{"0":0},"b":{}}
,"/Users/huilenpena/Factoriaf5/github-classroom/u-know-latin-backend/api/src/auth/auth.module.ts": {"path":"/Users/huilenpena/Factoriaf5/github-classroom/u-know-latin-backend/api/src/auth/auth.module.ts","statementMap":{"0":{"start":{"line":1,"column":0},"end":{"line":1,"column":40}},"1":{"start":{"line":2,"column":0},"end":{"line":2,"column":54}},"2":{"start":{"line":3,"column":0},"end":{"line":3,"column":63}},"3":{"start":{"line":4,"column":0},"end":{"line":4,"column":50}},"4":{"start":{"line":5,"column":0},"end":{"line":5,"column":59}},"5":{"start":{"line":6,"column":0},"end":{"line":6,"column":60}},"6":{"start":{"line":7,"column":0},"end":{"line":7,"column":56}},"7":{"start":{"line":8,"column":0},"end":{"line":8,"column":61}},"8":{"start":{"line":9,"column":0},"end":{"line":9,"column":47}},"9":{"start":{"line":10,"column":0},"end":{"line":10,"column":40}},"10":{"start":{"line":11,"column":0},"end":{"line":11,"column":52}},"11":{"start":{"line":12,"column":0},"end":{"line":12,"column":41}},"12":{"start":{"line":13,"column":0},"end":{"line":13,"column":55}},"13":{"start":{"line":48,"column":23},"end":{"line":48,"column":null}},"14":{"start":{"line":48,"column":13},"end":{"line":48,"column":null}},"15":{"start":{"line":20,"column":8},"end":{"line":25,"column":10}}},"fnMap":{"0":{"name":"(anonymous_1)","decl":{"start":{"line":19,"column":18},"end":{"line":19,"column":19}},"loc":{"start":{"line":19,"column":51},"end":{"line":26,"column":7}}}},"branchMap":{},"s":{"0":0,"1":0,"2":0,"3":0,"4":0,"5":0,"6":0,"7":0,"8":0,"9":0,"10":0,"11":0,"12":0,"13":0,"14":0,"15":0},"f":{"0":0},"b":{}}
,"/Users/huilenpena/Factoriaf5/github-classroom/u-know-latin-backend/api/src/auth/controllers/auth.controller.ts": {"path":"/Users/huilenpena/Factoriaf5/github-classroom/u-know-latin-backend/api/src/auth/controllers/auth.controller.ts","statementMap":{"0":{"start":{"line":1,"column":0},"end":{"line":1,"column":72}},"1":{"start":{"line":2,"column":0},"end":{"line":2,"column":55}},"2":{"start":{"line":4,"column":0},"end":{"line":4,"column":63}},"3":{"start":{"line":5,"column":0},"end":{"line":5,"column":78}},"4":{"start":{"line":6,"column":0},"end":{"line":6,"column":54}},"5":{"start":{"line":7,"column":0},"end":{"line":7,"column":45}},"6":{"start":{"line":8,"column":0},"end":{"line":8,"column":56}},"7":{"start":{"line":12,"column":27},"end":{"line":33,"column":null}},"8":{"start":{"line":14,"column":12},"end":{"line":14,"column":25}},"9":{"start":{"line":15,"column":12},"end":{"line":15,"column":25}},"10":{"start":{"line":24,"column":4},"end":{"line":24,"column":41}},"11":{"start":{"line":31,"column":4},"end":{"line":31,"column":52}},"12":{"start":{"line":23,"column":8},"end":{"line":25,"column":null}},"13":{"start":{"line":30,"column":2},"end":{"line":32,"column":null}},"14":{"start":{"line":12,"column":13},"end":{"line":33,"column":null}}},"fnMap":{"0":{"name":"(anonymous_4)","decl":{"start":{"line":13,"column":2},"end":{"line":13,"column":null}},"loc":{"start":{"line":15,"column":36},"end":{"line":16,"column":6}}},"1":{"name":"(anonymous_5)","decl":{"start":{"line":23,"column":2},"end":{"line":23,"column":7}},"loc":{"start":{"line":23,"column":42},"end":{"line":25,"column":3}}},"2":{"name":"(anonymous_6)","decl":{"start":{"line":30,"column":2},"end":{"line":30,"column":7}},"loc":{"start":{"line":30,"column":27},"end":{"line":32,"column":3}}}},"branchMap":{},"s":{"0":1,"1":1,"2":1,"3":1,"4":1,"5":1,"6":1,"7":1,"8":0,"9":0,"10":0,"11":0,"12":1,"13":1,"14":1},"f":{"0":0,"1":0,"2":0},"b":{}}
,"/Users/huilenpena/Factoriaf5/github-classroom/u-know-latin-backend/api/src/auth/decorators/public.decorator.ts": {"path":"/Users/huilenpena/Factoriaf5/github-classroom/u-know-latin-backend/api/src/auth/decorators/public.decorator.ts","statementMap":{"0":{"start":{"line":1,"column":0},"end":{"line":1,"column":45}},"1":{"start":{"line":3,"column":13},"end":{"line":3,"column":40}},"2":{"start":{"line":5,"column":22},"end":{"line":5,"column":60}},"3":{"start":{"line":5,"column":28},"end":{"line":5,"column":60}},"4":{"start":{"line":5,"column":13},"end":{"line":5,"column":22}}},"fnMap":{"0":{"name":"(anonymous_0)","decl":{"start":{"line":5,"column":22},"end":{"line":5,"column":25}},"loc":{"start":{"line":5,"column":28},"end":{"line":5,"column":60}}}},"branchMap":{},"s":{"0":1,"1":1,"2":1,"3":2,"4":1},"f":{"0":2},"b":{}}
,"/Users/huilenpena/Factoriaf5/github-classroom/u-know-latin-backend/api/src/auth/decorators/roles.decorator.ts": {"path":"/Users/huilenpena/Factoriaf5/github-classroom/u-know-latin-backend/api/src/auth/decorators/roles.decorator.ts","statementMap":{"0":{"start":{"line":1,"column":0},"end":{"line":1,"column":45}},"1":{"start":{"line":4,"column":13},"end":{"line":4,"column":33}},"2":{"start":{"line":5,"column":21},"end":{"line":5,"column":72}},"3":{"start":{"line":5,"column":43},"end":{"line":5,"column":72}},"4":{"start":{"line":5,"column":13},"end":{"line":5,"column":21}}},"fnMap":{"0":{"name":"(anonymous_0)","decl":{"start":{"line":5,"column":21},"end":{"line":5,"column":22}},"loc":{"start":{"line":5,"column":43},"end":{"line":5,"column":72}}}},"branchMap":{},"s":{"0":1,"1":1,"2":1,"3":1,"4":1},"f":{"0":1},"b":{}}
,"/Users/huilenpena/Factoriaf5/github-classroom/u-know-latin-backend/api/src/auth/dto/signin.dto.ts": {"path":"/Users/huilenpena/Factoriaf5/github-classroom/u-know-latin-backend/api/src/auth/dto/signin.dto.ts","statementMap":{"0":{"start":{"line":1,"column":0},"end":{"line":1,"column":54}},"1":{"start":{"line":3,"column":0},"end":{"line":3,"column":13}},"2":{"start":{"line":6,"column":2},"end":{"line":6,"column":null}},"3":{"start":{"line":9,"column":2},"end":{"line":9,"column":null}}},"fnMap":{},"branchMap":{},"s":{"0":0,"1":0,"2":0,"3":0},"f":{},"b":{}}
,"/Users/huilenpena/Factoriaf5/github-classroom/u-know-latin-backend/api/src/auth/enums/role.enum.ts": {"path":"/Users/huilenpena/Factoriaf5/github-classroom/u-know-latin-backend/api/src/auth/enums/role.enum.ts","statementMap":{"0":{"start":{"line":1,"column":0},"end":{"line":1,"column":null}},"1":{"start":{"line":2,"column":2},"end":{"line":2,"column":null}},"2":{"start":{"line":3,"column":2},"end":{"line":3,"column":null}}},"fnMap":{"0":{"name":"(anonymous_0)","decl":{"start":{"line":1,"column":0},"end":{"line":1,"column":12}},"loc":{"start":{"line":1,"column":16},"end":{"line":4,"column":1}}}},"branchMap":{"0":{"loc":{"start":{"line":1,"column":12},"end":{"line":1,"column":null}},"type":"binary-expr","locations":[{"start":{"line":1,"column":12},"end":{"line":1,"column":16}},{"start":{"line":1,"column":16},"end":{"line":1,"column":null}}]}},"s":{"0":4,"1":4,"2":4},"f":{"0":4},"b":{"0":[4,4]}}
,"/Users/huilenpena/Factoriaf5/github-classroom/u-know-latin-backend/api/src/auth/guards/jwt-auth.guard.ts": {"path":"/Users/huilenpena/Factoriaf5/github-classroom/u-know-latin-backend/api/src/auth/guards/jwt-auth.guard.ts","statementMap":{"0":{"start":{"line":1,"column":0},"end":{"line":1,"column":62}},"1":{"start":{"line":2,"column":0},"end":{"line":2,"column":45}},"2":{"start":{"line":3,"column":0},"end":{"line":3,"column":41}},"3":{"start":{"line":4,"column":0},"end":{"line":4,"column":63}},"4":{"start":{"line":7,"column":25},"end":{"line":17,"column":null}},"5":{"start":{"line":9,"column":4},"end":{"line":9,"column":12}},"6":{"start":{"line":8,"column":22},"end":{"line":8,"column":33}},"7":{"start":{"line":12,"column":21},"end":{"line":12,"column":76}},"8":{"start":{"line":13,"column":4},"end":{"line":13,"column":30}},"9":{"start":{"line":13,"column":18},"end":{"line":13,"column":30}},"10":{"start":{"line":15,"column":4},"end":{"line":15,"column":38}},"11":{"start":{"line":7,"column":13},"end":{"line":17,"column":null}}},"fnMap":{"0":{"name":"(anonymous_2)","decl":{"start":{"line":8,"column":2},"end":{"line":8,"column":22}},"loc":{"start":{"line":8,"column":42},"end":{"line":10,"column":3}}},"1":{"name":"(anonymous_3)","decl":{"start":{"line":11,"column":2},"end":{"line":11,"column":13}},"loc":{"start":{"line":11,"column":39},"end":{"line":16,"column":3}}}},"branchMap":{"0":{"loc":{"start":{"line":13,"column":4},"end":{"line":13,"column":30}},"type":"if","locations":[{"start":{"line":13,"column":4},"end":{"line":13,"column":30}}]}},"s":{"0":0,"1":0,"2":0,"3":0,"4":0,"5":0,"6":0,"7":0,"8":0,"9":0,"10":0,"11":0},"f":{"0":0,"1":0},"b":{"0":[0]}}
,"/Users/huilenpena/Factoriaf5/github-classroom/u-know-latin-backend/api/src/auth/guards/role.guard.ts": {"path":"/Users/huilenpena/Factoriaf5/github-classroom/u-know-latin-backend/api/src/auth/guards/role.guard.ts","statementMap":{"0":{"start":{"line":1,"column":0},"end":{"line":1,"column":null}},"1":{"start":{"line":7,"column":0},"end":{"line":7,"column":41}},"2":{"start":{"line":9,"column":0},"end":{"line":9,"column":54}},"3":{"start":{"line":10,"column":13},"end":{"line":10,"column":33}},"4":{"start":{"line":13,"column":23},"end":{"line":41,"column":null}},"5":{"start":{"line":14,"column":22},"end":{"line":14,"column":33}},"6":{"start":{"line":14,"column":52},"end":{"line":14,"column":65}},"7":{"start":{"line":17,"column":26},"end":{"line":20,"column":6}},"8":{"start":{"line":22,"column":4},"end":{"line":22,"column":41}},"9":{"start":{"line":23,"column":4},"end":{"line":39,"column":null}},"10":{"start":{"line":24,"column":6},"end":{"line":26,"column":null}},"11":{"start":{"line":25,"column":8},"end":{"line":25,"column":20}},"12":{"start":{"line":27,"column":23},"end":{"line":27,"column":58}},"13":{"start":{"line":28,"column":24},"end":{"line":28,"column":64}},"14":{"start":{"line":30,"column":31},"end":{"line":31,"column":null}},"15":{"start":{"line":31,"column":8},"end":{"line":31,"column":36}},"16":{"start":{"line":33,"column":6},"end":{"line":35,"column":null}},"17":{"start":{"line":34,"column":8},"end":{"line":34,"column":68}},"18":{"start":{"line":36,"column":6},"end":{"line":36,"column":18}},"19":{"start":{"line":38,"column":6},"end":{"line":38,"column":53}},"20":{"start":{"line":13,"column":13},"end":{"line":41,"column":null}}},"fnMap":{"0":{"name":"(anonymous_2)","decl":{"start":{"line":14,"column":2},"end":{"line":14,"column":22}},"loc":{"start":{"line":14,"column":76},"end":{"line":14,"column":80}}},"1":{"name":"(anonymous_3)","decl":{"start":{"line":16,"column":2},"end":{"line":16,"column":7}},"loc":{"start":{"line":16,"column":45},"end":{"line":40,"column":3}}},"2":{"name":"(anonymous_4)","decl":{"start":{"line":30,"column":52},"end":{"line":30,"column":53}},"loc":{"start":{"line":31,"column":8},"end":{"line":31,"column":36}}}},"branchMap":{"0":{"loc":{"start":{"line":24,"column":6},"end":{"line":26,"column":null}},"type":"if","locations":[{"start":{"line":24,"column":6},"end":{"line":26,"column":null}}]},"1":{"loc":{"start":{"line":33,"column":6},"end":{"line":35,"column":null}},"type":"if","locations":[{"start":{"line":33,"column":6},"end":{"line":35,"column":null}}]}},"s":{"0":0,"1":0,"2":0,"3":0,"4":0,"5":0,"6":0,"7":0,"8":0,"9":0,"10":0,"11":0,"12":0,"13":0,"14":0,"15":0,"16":0,"17":0,"18":0,"19":0,"20":0},"f":{"0":0,"1":0,"2":0},"b":{"0":[0],"1":[0]}}
,"/Users/huilenpena/Factoriaf5/github-classroom/u-know-latin-backend/api/src/auth/services/auth.service.ts": {"path":"/Users/huilenpena/Factoriaf5/github-classroom/u-know-latin-backend/api/src/auth/services/auth.service.ts","statementMap":{"0":{"start":{"line":1,"column":0},"end":{"line":1,"column":44}},"1":{"start":{"line":2,"column":0},"end":{"line":2,"column":41}},"2":{"start":{"line":4,"column":0},"end":{"line":4,"column":50}},"3":{"start":{"line":5,"column":0},"end":{"line":5,"column":33}},"4":{"start":{"line":6,"column":0},"end":{"line":6,"column":47}},"5":{"start":{"line":8,"column":24},"end":{"line":34,"column":null}},"6":{"start":{"line":10,"column":12},"end":{"line":10,"column":24}},"7":{"start":{"line":11,"column":36},"end":{"line":11,"column":47}},"8":{"start":{"line":14,"column":17},"end":{"line":17,"column":13}},"9":{"start":{"line":18,"column":4},"end":{"line":20,"column":null}},"10":{"start":{"line":19,"column":6},"end":{"line":19,"column":18}},"11":{"start":{"line":21,"column":4},"end":{"line":21,"column":16}},"12":{"start":{"line":25,"column":34},"end":{"line":29,"column":6}},"13":{"start":{"line":30,"column":4},"end":{"line":32,"column":6}},"14":{"start":{"line":8,"column":13},"end":{"line":34,"column":null}}},"fnMap":{"0":{"name":"(anonymous_4)","decl":{"start":{"line":9,"column":2},"end":{"line":9,"column":null}},"loc":{"start":{"line":11,"column":58},"end":{"line":12,"column":6}}},"1":{"name":"(anonymous_5)","decl":{"start":{"line":13,"column":2},"end":{"line":13,"column":7}},"loc":{"start":{"line":13,"column":52},"end":{"line":22,"column":3}}},"2":{"name":"(anonymous_6)","decl":{"start":{"line":24,"column":2},"end":{"line":24,"column":15}},"loc":{"start":{"line":24,"column":35},"end":{"line":33,"column":3}}}},"branchMap":{"0":{"loc":{"start":{"line":18,"column":4},"end":{"line":20,"column":null}},"type":"if","locations":[{"start":{"line":18,"column":4},"end":{"line":20,"column":null}}]},"1":{"loc":{"start":{"line":18,"column":8},"end":{"line":18,"column":54}},"type":"binary-expr","locations":[{"start":{"line":18,"column":8},"end":{"line":18,"column":12}},{"start":{"line":18,"column":17},"end":{"line":18,"column":53}}]}},"s":{"0":3,"1":3,"2":3,"3":3,"4":3,"5":3,"6":4,"7":4,"8":2,"9":2,"10":1,"11":1,"12":0,"13":0,"14":3},"f":{"0":4,"1":2,"2":0},"b":{"0":[1],"1":[2,1]}}
,"/Users/huilenpena/Factoriaf5/github-classroom/u-know-latin-backend/api/src/auth/strategies/jwt.strategy.ts": {"path":"/Users/huilenpena/Factoriaf5/github-classroom/u-know-latin-backend/api/src/auth/strategies/jwt.strategy.ts","statementMap":{"0":{"start":{"line":1,"column":0},"end":{"line":1,"column":52}},"1":{"start":{"line":2,"column":0},"end":{"line":2,"column":52}},"2":{"start":{"line":3,"column":0},"end":{"line":3,"column":44}},"3":{"start":{"line":4,"column":0},"end":{"line":4,"column":47}},"4":{"start":{"line":7,"column":24},"end":{"line":19,"column":null}},"5":{"start":{"line":9,"column":4},"end":{"line":13,"column":7}},"6":{"start":{"line":8,"column":22},"end":{"line":8,"column":37}},"7":{"start":{"line":17,"column":4},"end":{"line":17,"column":19}},"8":{"start":{"line":7,"column":13},"end":{"line":19,"column":null}}},"fnMap":{"0":{"name":"(anonymous_2)","decl":{"start":{"line":8,"column":2},"end":{"line":8,"column":22}},"loc":{"start":{"line":8,"column":50},"end":{"line":14,"column":3}}},"1":{"name":"(anonymous_3)","decl":{"start":{"line":16,"column":2},"end":{"line":16,"column":10}},"loc":{"start":{"line":16,"column":18},"end":{"line":18,"column":3}}}},"branchMap":{},"s":{"0":1,"1":1,"2":1,"3":1,"4":1,"5":1,"6":1,"7":1,"8":1},"f":{"0":1,"1":1},"b":{}}
,"/Users/huilenpena/Factoriaf5/github-classroom/u-know-latin-backend/api/src/auth/strategies/local.strategy.ts": {"path":"/Users/huilenpena/Factoriaf5/github-classroom/u-know-latin-backend/api/src/auth/strategies/local.strategy.ts","statementMap":{"0":{"start":{"line":1,"column":0},"end":{"line":1,"column":67}},"1":{"start":{"line":2,"column":0},"end":{"line":2,"column":52}},"2":{"start":{"line":3,"column":0},"end":{"line":3,"column":42}},"3":{"start":{"line":4,"column":0},"end":{"line":4,"column":55}},"4":{"start":{"line":7,"column":26},"end":{"line":21,"column":null}},"5":{"start":{"line":9,"column":4},"end":{"line":12,"column":7}},"6":{"start":{"line":8,"column":22},"end":{"line":8,"column":35}},"7":{"start":{"line":16,"column":22},"end":{"line":16,"column":74}},"8":{"start":{"line":17,"column":4},"end":{"line":17,"column":65}},"9":{"start":{"line":17,"column":15},"end":{"line":17,"column":65}},"10":{"start":{"line":19,"column":4},"end":{"line":19,"column":16}},"11":{"start":{"line":7,"column":13},"end":{"line":21,"column":null}}},"fnMap":{"0":{"name":"(anonymous_2)","decl":{"start":{"line":8,"column":2},"end":{"line":8,"column":22}},"loc":{"start":{"line":8,"column":46},"end":{"line":13,"column":3}}},"1":{"name":"(anonymous_3)","decl":{"start":{"line":15,"column":2},"end":{"line":15,"column":7}},"loc":{"start":{"line":15,"column":48},"end":{"line":20,"column":3}}}},"branchMap":{"0":{"loc":{"start":{"line":17,"column":4},"end":{"line":17,"column":65}},"type":"if","locations":[{"start":{"line":17,"column":4},"end":{"line":17,"column":65}}]}},"s":{"0":1,"1":1,"2":1,"3":1,"4":1,"5":2,"6":2,"7":2,"8":2,"9":1,"10":1,"11":1},"f":{"0":2,"1":2},"b":{"0":[1]}}
,"/Users/huilenpena/Factoriaf5/github-classroom/u-know-latin-backend/api/src/content/content.controller.ts": {"path":"/Users/huilenpena/Factoriaf5/github-classroom/u-know-latin-backend/api/src/content/content.controller.ts","statementMap":{"0":{"start":{"line":1,"column":0},"end":{"line":1,"column":null}},"1":{"start":{"line":14,"column":0},"end":{"line":14,"column":51}},"2":{"start":{"line":15,"column":0},"end":{"line":15,"column":69}},"3":{"start":{"line":17,"column":0},"end":{"line":17,"column":60}},"4":{"start":{"line":18,"column":0},"end":{"line":18,"column":42}},"5":{"start":{"line":19,"column":0},"end":{"line":19,"column":61}},"6":{"start":{"line":20,"column":0},"end":{"line":20,"column":61}},"7":{"start":{"line":21,"column":0},"end":{"line":21,"column":47}},"8":{"start":{"line":22,"column":0},"end":{"line":22,"column":59}},"9":{"start":{"line":23,"column":0},"end":{"line":23,"column":55}},"10":{"start":{"line":25,"column":0},"end":{"line":25,"column":61}},"11":{"start":{"line":26,"column":0},"end":{"line":26,"column":55}},"12":{"start":{"line":27,"column":0},"end":{"line":27,"column":51}},"13":{"start":{"line":33,"column":30},"end":{"line":129,"column":null}},"14":{"start":{"line":35,"column":21},"end":{"line":35,"column":37}},"15":{"start":{"line":36,"column":21},"end":{"line":36,"column":34}},"16":{"start":{"line":44,"column":4},"end":{"line":44,"column":65}},"17":{"start":{"line":49,"column":4},"end":{"line":49,"column":55}},"18":{"start":{"line":56,"column":4},"end":{"line":56,"column":35}},"19":{"start":{"line":57,"column":4},"end":{"line":57,"column":41}},"20":{"start":{"line":63,"column":4},"end":{"line":63,"column":43}},"21":{"start":{"line":68,"column":4},"end":{"line":68,"column":60}},"22":{"start":{"line":73,"column":18},"end":{"line":73,"column":67}},"23":{"start":{"line":74,"column":4},"end":{"line":74,"column":49}},"24":{"start":{"line":83,"column":17},"end":{"line":83,"column":51}},"25":{"start":{"line":84,"column":20},"end":{"line":84,"column":64}},"26":{"start":{"line":86,"column":4},"end":{"line":89,"column":null}},"27":{"start":{"line":88,"column":6},"end":{"line":88,"column":70}},"28":{"start":{"line":91,"column":4},"end":{"line":94,"column":null}},"29":{"start":{"line":93,"column":6},"end":{"line":93,"column":73}},"30":{"start":{"line":96,"column":4},"end":{"line":99,"column":null}},"31":{"start":{"line":98,"column":6},"end":{"line":98,"column":78}},"32":{"start":{"line":101,"column":4},"end":{"line":101,"column":41}},"33":{"start":{"line":104,"column":4},"end":{"line":104,"column":22}},"34":{"start":{"line":105,"column":4},"end":{"line":105,"column":44}},"35":{"start":{"line":110,"column":4},"end":{"line":110,"column":52}},"36":{"start":{"line":114,"column":4},"end":{"line":114,"column":61}},"37":{"start":{"line":123,"column":4},"end":{"line":125,"column":null}},"38":{"start":{"line":124,"column":6},"end":{"line":124,"column":78}},"39":{"start":{"line":127,"column":4},"end":{"line":127,"column":63}},"40":{"start":{"line":40,"column":2},"end":{"line":45,"column":null}},"41":{"start":{"line":48,"column":2},"end":{"line":50,"column":null}},"42":{"start":{"line":55,"column":2},"end":{"line":58,"column":null}},"43":{"start":{"line":62,"column":2},"end":{"line":64,"column":null}},"44":{"start":{"line":67,"column":2},"end":{"line":69,"column":null}},"45":{"start":{"line":72,"column":2},"end":{"line":75,"column":null}},"46":{"start":{"line":79,"column":8},"end":{"line":106,"column":null}},"47":{"start":{"line":109,"column":2},"end":{"line":111,"column":null}},"48":{"start":{"line":113,"column":8},"end":{"line":115,"column":null}},"49":{"start":{"line":118,"column":8},"end":{"line":128,"column":null}},"50":{"start":{"line":33,"column":13},"end":{"line":129,"column":null}}},"fnMap":{"0":{"name":"(anonymous_4)","decl":{"start":{"line":34,"column":2},"end":{"line":34,"column":null}},"loc":{"start":{"line":36,"column":45},"end":{"line":37,"column":6}}},"1":{"name":"(anonymous_5)","decl":{"start":{"line":40,"column":2},"end":{"line":40,"column":15}},"loc":{"start":{"line":42,"column":40},"end":{"line":45,"column":3}}},"2":{"name":"(anonymous_6)","decl":{"start":{"line":48,"column":2},"end":{"line":48,"column":17}},"loc":{"start":{"line":48,"column":49},"end":{"line":50,"column":3}}},"3":{"name":"(anonymous_7)","decl":{"start":{"line":55,"column":2},"end":{"line":55,"column":9}},"loc":{"start":{"line":55,"column":25},"end":{"line":58,"column":3}}},"4":{"name":"(anonymous_8)","decl":{"start":{"line":62,"column":2},"end":{"line":62,"column":9}},"loc":{"start":{"line":62,"column":33},"end":{"line":64,"column":3}}},"5":{"name":"(anonymous_9)","decl":{"start":{"line":67,"column":2},"end":{"line":67,"column":8}},"loc":{"start":{"line":67,"column":76},"end":{"line":69,"column":3}}},"6":{"name":"(anonymous_10)","decl":{"start":{"line":72,"column":2},"end":{"line":72,"column":8}},"loc":{"start":{"line":72,"column":44},"end":{"line":75,"column":3}}},"7":{"name":"(anonymous_11)","decl":{"start":{"line":79,"column":2},"end":{"line":79,"column":7}},"loc":{"start":{"line":81,"column":41},"end":{"line":106,"column":3}}},"8":{"name":"(anonymous_12)","decl":{"start":{"line":109,"column":2},"end":{"line":109,"column":18}},"loc":{"start":{"line":109,"column":42},"end":{"line":111,"column":3}}},"9":{"name":"(anonymous_13)","decl":{"start":{"line":113,"column":2},"end":{"line":113,"column":7}},"loc":{"start":{"line":113,"column":77},"end":{"line":115,"column":3}}},"10":{"name":"(anonymous_14)","decl":{"start":{"line":118,"column":2},"end":{"line":118,"column":7}},"loc":{"start":{"line":120,"column":42},"end":{"line":128,"column":3}}}},"branchMap":{"0":{"loc":{"start":{"line":73,"column":18},"end":{"line":73,"column":67}},"type":"cond-expr","locations":[{"start":{"line":73,"column":43},"end":{"line":73,"column":45}},{"start":{"line":73,"column":43},"end":{"line":73,"column":67}}]},"1":{"loc":{"start":{"line":73,"column":18},"end":{"line":73,"column":45}},"type":"binary-expr","locations":[{"start":{"line":73,"column":18},"end":{"line":73,"column":45}},{"start":{"line":73,"column":43},"end":{"line":73,"column":45}}]},"2":{"loc":{"start":{"line":86,"column":4},"end":{"line":89,"column":null}},"type":"if","locations":[{"start":{"line":86,"column":4},"end":{"line":89,"column":null}}]},"3":{"loc":{"start":{"line":91,"column":4},"end":{"line":94,"column":null}},"type":"if","locations":[{"start":{"line":91,"column":4},"end":{"line":94,"column":null}}]},"4":{"loc":{"start":{"line":96,"column":4},"end":{"line":99,"column":null}},"type":"if","locations":[{"start":{"line":96,"column":4},"end":{"line":99,"column":null}}]},"5":{"loc":{"start":{"line":123,"column":4},"end":{"line":125,"column":null}},"type":"if","locations":[{"start":{"line":123,"column":4},"end":{"line":125,"column":null}}]},"6":{"loc":{"start":{"line":123,"column":8},"end":{"line":123,"column":70}},"type":"binary-expr","locations":[{"start":{"line":123,"column":8},"end":{"line":123,"column":30}},{"start":{"line":123,"column":34},"end":{"line":123,"column":70}}]}},"s":{"0":0,"1":0,"2":0,"3":0,"4":0,"5":0,"6":0,"7":0,"8":0,"9":0,"10":0,"11":0,"12":0,"13":0,"14":0,"15":0,"16":0,"17":0,"18":0,"19":0,"20":0,"21":0,"22":0,"23":0,"24":0,"25":0,"26":0,"27":0,"28":0,"29":0,"30":0,"31":0,"32":0,"33":0,"34":0,"35":0,"36":0,"37":0,"38":0,"39":0,"40":0,"41":0,"42":0,"43":0,"44":0,"45":0,"46":0,"47":0,"48":0,"49":0,"50":0},"f":{"0":0,"1":0,"2":0,"3":0,"4":0,"5":0,"6":0,"7":0,"8":0,"9":0,"10":0},"b":{"0":[0,0],"1":[0,0],"2":[0],"3":[0],"4":[0],"5":[0],"6":[0,0]}}
,"/Users/huilenpena/Factoriaf5/github-classroom/u-know-latin-backend/api/src/content/content.module.ts": {"path":"/Users/huilenpena/Factoriaf5/github-classroom/u-know-latin-backend/api/src/content/content.module.ts","statementMap":{"0":{"start":{"line":1,"column":0},"end":{"line":1,"column":40}},"1":{"start":{"line":2,"column":0},"end":{"line":2,"column":50}},"2":{"start":{"line":3,"column":0},"end":{"line":3,"column":57}},"3":{"start":{"line":4,"column":0},"end":{"line":4,"column":51}},"4":{"start":{"line":5,"column":0},"end":{"line":5,"column":58}},"5":{"start":{"line":6,"column":0},"end":{"line":6,"column":49}},"6":{"start":{"line":7,"column":0},"end":{"line":7,"column":53}},"7":{"start":{"line":8,"column":0},"end":{"line":8,"column":40}},"8":{"start":{"line":9,"column":0},"end":{"line":9,"column":47}},"9":{"start":{"line":39,"column":26},"end":{"line":39,"column":null}},"10":{"start":{"line":39,"column":13},"end":{"line":39,"column":null}},"11":{"start":{"line":16,"column":8},"end":{"line":21,"column":10}}},"fnMap":{"0":{"name":"(anonymous_1)","decl":{"start":{"line":15,"column":18},"end":{"line":15,"column":19}},"loc":{"start":{"line":15,"column":51},"end":{"line":22,"column":7}}}},"branchMap":{},"s":{"0":0,"1":0,"2":0,"3":0,"4":0,"5":0,"6":0,"7":0,"8":0,"9":0,"10":0,"11":0},"f":{"0":0},"b":{}}
,"/Users/huilenpena/Factoriaf5/github-classroom/u-know-latin-backend/api/src/content/content.service.ts": {"path":"/Users/huilenpena/Factoriaf5/github-classroom/u-know-latin-backend/api/src/content/content.service.ts","statementMap":{"0":{"start":{"line":1,"column":0},"end":{"line":1,"column":null}},"1":{"start":{"line":7,"column":0},"end":{"line":7,"column":47}},"2":{"start":{"line":8,"column":0},"end":{"line":8,"column":33}},"3":{"start":{"line":9,"column":0},"end":{"line":9,"column":69}},"4":{"start":{"line":15,"column":0},"end":{"line":15,"column":41}},"5":{"start":{"line":18,"column":27},"end":{"line":200,"column":null}},"6":{"start":{"line":20,"column":48},"end":{"line":20,"column":62}},"7":{"start":{"line":21,"column":42},"end":{"line":21,"column":53}},"8":{"start":{"line":22,"column":21},"end":{"line":22,"column":33}},"9":{"start":{"line":29,"column":27},"end":{"line":32,"column":null}},"10":{"start":{"line":34,"column":17},"end":{"line":34,"column":55}},"11":{"start":{"line":35,"column":4},"end":{"line":35,"column":33}},"12":{"start":{"line":36,"column":29},"end":{"line":36,"column":47}},"13":{"start":{"line":37,"column":4},"end":{"line":43,"column":6}},"14":{"start":{"line":44,"column":4},"end":{"line":44,"column":32}},"15":{"start":{"line":45,"column":4},"end":{"line":45,"column":22}},"16":{"start":{"line":46,"column":4},"end":{"line":46,"column":26}},"17":{"start":{"line":50,"column":4},"end":{"line":50,"column":64}},"18":{"start":{"line":54,"column":4},"end":{"line":54,"column":70}},"19":{"start":{"line":57,"column":4},"end":{"line":57,"column":57}},"20":{"start":{"line":60,"column":20},"end":{"line":60,"column":56}},"21":{"start":{"line":61,"column":4},"end":{"line":63,"column":null}},"22":{"start":{"line":62,"column":6},"end":{"line":62,"column":75}},"23":{"start":{"line":64,"column":4},"end":{"line":64,"column":45}},"24":{"start":{"line":66,"column":26},"end":{"line":66,"column":46}},"25":{"start":{"line":67,"column":4},"end":{"line":67,"column":25}},"26":{"start":{"line":71,"column":20},"end":{"line":71,"column":63}},"27":{"start":{"line":72,"column":25},"end":{"line":72,"column":54}},"28":{"start":{"line":73,"column":4},"end":{"line":73,"column":46}},"29":{"start":{"line":74,"column":4},"end":{"line":76,"column":null}},"30":{"start":{"line":75,"column":6},"end":{"line":75,"column":75}},"31":{"start":{"line":82,"column":4},"end":{"line":87,"column":null}},"32":{"start":{"line":83,"column":6},"end":{"line":86,"column":8}},"33":{"start":{"line":90,"column":4},"end":{"line":95,"column":null}},"34":{"start":{"line":91,"column":6},"end":{"line":94,"column":8}},"35":{"start":{"line":97,"column":27},"end":{"line":99,"column":13}},"36":{"start":{"line":100,"column":4},"end":{"line":102,"column":null}},"37":{"start":{"line":101,"column":6},"end":{"line":101,"column":75}},"38":{"start":{"line":104,"column":4},"end":{"line":104,"column":55}},"39":{"start":{"line":108,"column":20},"end":{"line":108,"column":63}},"40":{"start":{"line":109,"column":4},"end":{"line":111,"column":null}},"41":{"start":{"line":110,"column":6},"end":{"line":110,"column":73}},"42":{"start":{"line":112,"column":17},"end":{"line":112,"column":50}},"43":{"start":{"line":113,"column":4},"end":{"line":115,"column":null}},"44":{"start":{"line":114,"column":6},"end":{"line":114,"column":70}},"45":{"start":{"line":117,"column":4},"end":{"line":119,"column":null}},"46":{"start":{"line":118,"column":6},"end":{"line":118,"column":80}},"47":{"start":{"line":121,"column":4},"end":{"line":121,"column":43}},"48":{"start":{"line":123,"column":4},"end":{"line":123,"column":22}},"49":{"start":{"line":125,"column":4},"end":{"line":125,"column":25}},"50":{"start":{"line":126,"column":4},"end":{"line":126,"column":25}},"51":{"start":{"line":128,"column":4},"end":{"line":128,"column":19}},"52":{"start":{"line":133,"column":23},"end":{"line":133,"column":56}},"53":{"start":{"line":134,"column":4},"end":{"line":136,"column":null}},"54":{"start":{"line":135,"column":6},"end":{"line":135,"column":70}},"55":{"start":{"line":138,"column":37},"end":{"line":140,"column":6}},"56":{"start":{"line":141,"column":4},"end":{"line":141,"column":25}},"57":{"start":{"line":145,"column":44},"end":{"line":146,"column":null}},"58":{"start":{"line":148,"column":4},"end":{"line":148,"column":42}},"59":{"start":{"line":149,"column":4},"end":{"line":149,"column":26}},"60":{"start":{"line":150,"column":4},"end":{"line":150,"column":26}},"61":{"start":{"line":157,"column":20},"end":{"line":157,"column":56}},"62":{"start":{"line":159,"column":4},"end":{"line":161,"column":null}},"63":{"start":{"line":160,"column":6},"end":{"line":160,"column":55}},"64":{"start":{"line":163,"column":4},"end":{"line":165,"column":null}},"65":{"start":{"line":164,"column":6},"end":{"line":164,"column":78}},"66":{"start":{"line":167,"column":22},"end":{"line":167,"column":51}},"67":{"start":{"line":168,"column":25},"end":{"line":168,"column":53}},"68":{"start":{"line":169,"column":37},"end":{"line":169,"column":68}},"69":{"start":{"line":172,"column":4},"end":{"line":185,"column":null}},"70":{"start":{"line":173,"column":6},"end":{"line":180,"column":null}},"71":{"start":{"line":174,"column":8},"end":{"line":177,"column":29}},"72":{"start":{"line":179,"column":8},"end":{"line":179,"column":49}},"73":{"start":{"line":182,"column":6},"end":{"line":184,"column":27}},"74":{"start":{"line":187,"column":4},"end":{"line":187,"column":37}},"75":{"start":{"line":188,"column":4},"end":{"line":190,"column":25}},"76":{"start":{"line":192,"column":4},"end":{"line":195,"column":null}},"77":{"start":{"line":194,"column":6},"end":{"line":194,"column":42}},"78":{"start":{"line":196,"column":4},"end":{"line":196,"column":25}},"79":{"start":{"line":198,"column":4},"end":{"line":198,"column":19}},"80":{"start":{"line":18,"column":13},"end":{"line":200,"column":null}}},"fnMap":{"0":{"name":"(anonymous_4)","decl":{"start":{"line":19,"column":2},"end":{"line":19,"column":null}},"loc":{"start":{"line":22,"column":43},"end":{"line":23,"column":6}}},"1":{"name":"(anonymous_5)","decl":{"start":{"line":25,"column":2},"end":{"line":25,"column":7}},"loc":{"start":{"line":27,"column":15},"end":{"line":47,"column":3}}},"2":{"name":"(anonymous_6)","decl":{"start":{"line":49,"column":2},"end":{"line":49,"column":7}},"loc":{"start":{"line":49,"column":38},"end":{"line":51,"column":3}}},"3":{"name":"(anonymous_7)","decl":{"start":{"line":53,"column":2},"end":{"line":53,"column":7}},"loc":{"start":{"line":53,"column":15},"end":{"line":55,"column":3}}},"4":{"name":"(anonymous_8)","decl":{"start":{"line":56,"column":2},"end":{"line":56,"column":7}},"loc":{"start":{"line":56,"column":26},"end":{"line":58,"column":3}}},"5":{"name":"(anonymous_9)","decl":{"start":{"line":59,"column":2},"end":{"line":59,"column":7}},"loc":{"start":{"line":59,"column":61},"end":{"line":68,"column":3}}},"6":{"name":"(anonymous_10)","decl":{"start":{"line":70,"column":2},"end":{"line":70,"column":7}},"loc":{"start":{"line":70,"column":40},"end":{"line":105,"column":3}}},"7":{"name":"(anonymous_11)","decl":{"start":{"line":107,"column":2},"end":{"line":107,"column":7}},"loc":{"start":{"line":107,"column":48},"end":{"line":129,"column":3}}},"8":{"name":"(anonymous_12)","decl":{"start":{"line":131,"column":2},"end":{"line":131,"column":7}},"loc":{"start":{"line":131,"column":35},"end":{"line":142,"column":3}}},"9":{"name":"(anonymous_13)","decl":{"start":{"line":144,"column":2},"end":{"line":144,"column":7}},"loc":{"start":{"line":144,"column":44},"end":{"line":151,"column":3}}},"10":{"name":"(anonymous_14)","decl":{"start":{"line":153,"column":2},"end":{"line":153,"column":7}},"loc":{"start":{"line":155,"column":34},"end":{"line":199,"column":3}}}},"branchMap":{"0":{"loc":{"start":{"line":61,"column":4},"end":{"line":63,"column":null}},"type":"if","locations":[{"start":{"line":61,"column":4},"end":{"line":63,"column":null}}]},"1":{"loc":{"start":{"line":74,"column":4},"end":{"line":76,"column":null}},"type":"if","locations":[{"start":{"line":74,"column":4},"end":{"line":76,"column":null}}]},"2":{"loc":{"start":{"line":82,"column":4},"end":{"line":87,"column":null}},"type":"if","locations":[{"start":{"line":82,"column":4},"end":{"line":87,"column":null}}]},"3":{"loc":{"start":{"line":90,"column":4},"end":{"line":95,"column":null}},"type":"if","locations":[{"start":{"line":90,"column":4},"end":{"line":95,"column":null}}]},"4":{"loc":{"start":{"line":100,"column":4},"end":{"line":102,"column":null}},"type":"if","locations":[{"start":{"line":100,"column":4},"end":{"line":102,"column":null}}]},"5":{"loc":{"start":{"line":109,"column":4},"end":{"line":111,"column":null}},"type":"if","locations":[{"start":{"line":109,"column":4},"end":{"line":111,"column":null}}]},"6":{"loc":{"start":{"line":113,"column":4},"end":{"line":115,"column":null}},"type":"if","locations":[{"start":{"line":113,"column":4},"end":{"line":115,"column":null}}]},"7":{"loc":{"start":{"line":117,"column":4},"end":{"line":119,"column":null}},"type":"if","locations":[{"start":{"line":117,"column":4},"end":{"line":119,"column":null}}]},"8":{"loc":{"start":{"line":134,"column":4},"end":{"line":136,"column":null}},"type":"if","locations":[{"start":{"line":134,"column":4},"end":{"line":136,"column":null}}]},"9":{"loc":{"start":{"line":159,"column":4},"end":{"line":161,"column":null}},"type":"if","locations":[{"start":{"line":159,"column":4},"end":{"line":161,"column":null}}]},"10":{"loc":{"start":{"line":163,"column":4},"end":{"line":165,"column":null}},"type":"if","locations":[{"start":{"line":163,"column":4},"end":{"line":165,"column":null}}]},"11":{"loc":{"start":{"line":163,"column":8},"end":{"line":163,"column":70}},"type":"binary-expr","locations":[{"start":{"line":163,"column":8},"end":{"line":163,"column":30}},{"start":{"line":163,"column":34},"end":{"line":163,"column":70}}]},"12":{"loc":{"start":{"line":168,"column":25},"end":{"line":168,"column":53}},"type":"cond-expr","locations":[{"start":{"line":168,"column":48},"end":{"line":168,"column":52}},{"start":{"line":168,"column":52},"end":{"line":168,"column":53}}]},"13":{"loc":{"start":{"line":168,"column":25},"end":{"line":168,"column":52}},"type":"binary-expr","locations":[{"start":{"line":168,"column":25},"end":{"line":168,"column":52}},{"start":{"line":168,"column":48},"end":{"line":168,"column":52}}]},"14":{"loc":{"start":{"line":168,"column":25},"end":{"line":168,"column":48}},"type":"cond-expr","locations":[{"start":{"line":168,"column":40},"end":{"line":168,"column":42}},{"start":{"line":168,"column":40},"end":{"line":168,"column":48}}]},"15":{"loc":{"start":{"line":168,"column":25},"end":{"line":168,"column":42}},"type":"binary-expr","locations":[{"start":{"line":168,"column":25},"end":{"line":168,"column":42}},{"start":{"line":168,"column":40},"end":{"line":168,"column":42}}]},"16":{"loc":{"start":{"line":172,"column":4},"end":{"line":185,"column":null}},"type":"if","locations":[{"start":{"line":172,"column":4},"end":{"line":185,"column":null}},{"start":{"line":181,"column":11},"end":{"line":185,"column":null}}]},"17":{"loc":{"start":{"line":173,"column":6},"end":{"line":180,"column":null}},"type":"if","locations":[{"start":{"line":173,"column":6},"end":{"line":180,"column":null}},{"start":{"line":178,"column":13},"end":{"line":180,"column":null}}]},"18":{"loc":{"start":{"line":175,"column":36},"end":{"line":175,"column":72}},"type":"cond-expr","locations":[{"start":{"line":175,"column":56},"end":{"line":175,"column":57}},{"start":{"line":175,"column":60},"end":{"line":175,"column":72}}]},"19":{"loc":{"start":{"line":188,"column":28},"end":{"line":190,"column":24}},"type":"cond-expr","locations":[{"start":{"line":189,"column":8},"end":{"line":189,"column":17}},{"start":{"line":190,"column":8},"end":{"line":190,"column":24}}]},"20":{"loc":{"start":{"line":192,"column":4},"end":{"line":195,"column":null}},"type":"if","locations":[{"start":{"line":192,"column":4},"end":{"line":195,"column":null}}]}},"s":{"0":0,"1":0,"2":0,"3":0,"4":0,"5":0,"6":0,"7":0,"8":0,"9":0,"10":0,"11":0,"12":0,"13":0,"14":0,"15":0,"16":0,"17":0,"18":0,"19":0,"20":0,"21":0,"22":0,"23":0,"24":0,"25":0,"26":0,"27":0,"28":0,"29":0,"30":0,"31":0,"32":0,"33":0,"34":0,"35":0,"36":0,"37":0,"38":0,"39":0,"40":0,"41":0,"42":0,"43":0,"44":0,"45":0,"46":0,"47":0,"48":0,"49":0,"50":0,"51":0,"52":0,"53":0,"54":0,"55":0,"56":0,"57":0,"58":0,"59":0,"60":0,"61":0,"62":0,"63":0,"64":0,"65":0,"66":0,"67":0,"68":0,"69":0,"70":0,"71":0,"72":0,"73":0,"74":0,"75":0,"76":0,"77":0,"78":0,"79":0,"80":0},"f":{"0":0,"1":0,"2":0,"3":0,"4":0,"5":0,"6":0,"7":0,"8":0,"9":0,"10":0},"b":{"0":[0],"1":[0],"2":[0],"3":[0],"4":[0],"5":[0],"6":[0],"7":[0],"8":[0],"9":[0],"10":[0],"11":[0,0],"12":[0,0],"13":[0,0],"14":[0,0],"15":[0,0],"16":[0,0],"17":[0,0],"18":[0,0],"19":[0,0],"20":[0]}}
,"/Users/huilenpena/Factoriaf5/github-classroom/u-know-latin-backend/api/src/content/dto/create-content.dto.ts": {"path":"/Users/huilenpena/Factoriaf5/github-classroom/u-know-latin-backend/api/src/content/dto/create-content.dto.ts","statementMap":{"0":{"start":{"line":1,"column":0},"end":{"line":1,"column":null}},"1":{"start":{"line":10,"column":0},"end":{"line":10,"column":13}},"2":{"start":{"line":13,"column":2},"end":{"line":13,"column":null}},"3":{"start":{"line":17,"column":2},"end":{"line":17,"column":null}},"4":{"start":{"line":21,"column":2},"end":{"line":21,"column":null}},"5":{"start":{"line":25,"column":2},"end":{"line":25,"column":null}},"6":{"start":{"line":29,"column":2},"end":{"line":29,"column":null}},"7":{"start":{"line":33,"column":2},"end":{"line":33,"column":null}},"8":{"start":{"line":37,"column":2},"end":{"line":37,"column":null}},"9":{"start":{"line":41,"column":2},"end":{"line":41,"column":null}},"10":{"start":{"line":46,"column":2},"end":{"line":46,"column":null}},"11":{"start":{"line":50,"column":2},"end":{"line":50,"column":null}}},"fnMap":{},"branchMap":{},"s":{"0":0,"1":0,"2":0,"3":0,"4":0,"5":0,"6":0,"7":0,"8":0,"9":0,"10":0,"11":0},"f":{},"b":{}}
,"/Users/huilenpena/Factoriaf5/github-classroom/u-know-latin-backend/api/src/content/dto/rateContent.dto.ts": {"path":"/Users/huilenpena/Factoriaf5/github-classroom/u-know-latin-backend/api/src/content/dto/rateContent.dto.ts","statementMap":{"0":{"start":{"line":1,"column":0},"end":{"line":1,"column":53}},"1":{"start":{"line":3,"column":0},"end":{"line":3,"column":13}},"2":{"start":{"line":7,"column":2},"end":{"line":7,"column":null}}},"fnMap":{},"branchMap":{},"s":{"0":0,"1":0,"2":0},"f":{},"b":{}}
,"/Users/huilenpena/Factoriaf5/github-classroom/u-know-latin-backend/api/src/content/dto/update-content.dto.ts": {"path":"/Users/huilenpena/Factoriaf5/github-classroom/u-know-latin-backend/api/src/content/dto/update-content.dto.ts","statementMap":{"0":{"start":{"line":1,"column":0},"end":{"line":1,"column":56}},"1":{"start":{"line":2,"column":0},"end":{"line":2,"column":56}},"2":{"start":{"line":4,"column":0},"end":{"line":4,"column":13}}},"fnMap":{},"branchMap":{},"s":{"0":0,"1":0,"2":0},"f":{},"b":{}}
,"/Users/huilenpena/Factoriaf5/github-classroom/u-know-latin-backend/api/src/dto/create-comment.dto.ts": {"path":"/Users/huilenpena/Factoriaf5/github-classroom/u-know-latin-backend/api/src/dto/create-comment.dto.ts","statementMap":{"0":{"start":{"line":1,"column":0},"end":{"line":1,"column":55}},"1":{"start":{"line":2,"column":0},"end":{"line":2,"column":47}},"2":{"start":{"line":4,"column":0},"end":{"line":4,"column":13}},"3":{"start":{"line":7,"column":11},"end":{"line":7,"column":null}},"4":{"start":{"line":11,"column":11},"end":{"line":11,"column":null}},"5":{"start":{"line":15,"column":11},"end":{"line":15,"column":null}}},"fnMap":{},"branchMap":{},"s":{"0":0,"1":0,"2":0,"3":0,"4":0,"5":0},"f":{},"b":{}}
,"/Users/huilenpena/Factoriaf5/github-classroom/u-know-latin-backend/api/src/schemas/comment.schema.ts": {"path":"/Users/huilenpena/Factoriaf5/github-classroom/u-know-latin-backend/api/src/schemas/comment.schema.ts","statementMap":{"0":{"start":{"line":1,"column":0},"end":{"line":1,"column":63}},"1":{"start":{"line":2,"column":0},"end":{"line":2,"column":54}},"2":{"start":{"line":3,"column":0},"end":{"line":3,"column":38}},"3":{"start":{"line":4,"column":0},"end":{"line":4,"column":36}},"4":{"start":{"line":8,"column":20},"end":{"line":15,"column":null}},"5":{"start":{"line":10,"column":2},"end":{"line":10,"column":null}},"6":{"start":{"line":12,"column":2},"end":{"line":12,"column":null}},"7":{"start":{"line":14,"column":2},"end":{"line":14,"column":null}},"8":{"start":{"line":8,"column":13},"end":{"line":15,"column":null}},"9":{"start":{"line":16,"column":13},"end":{"line":16,"column":67}}},"fnMap":{},"branchMap":{},"s":{"0":0,"1":0,"2":0,"3":0,"4":0,"5":0,"6":0,"7":0,"8":0,"9":0},"f":{},"b":{}}
,"/Users/huilenpena/Factoriaf5/github-classroom/u-know-latin-backend/api/src/schemas/content.schema.ts": {"path":"/Users/huilenpena/Factoriaf5/github-classroom/u-know-latin-backend/api/src/schemas/content.schema.ts","statementMap":{"0":{"start":{"line":1,"column":0},"end":{"line":1,"column":63}},"1":{"start":{"line":2,"column":0},"end":{"line":2,"column":54}},"2":{"start":{"line":3,"column":0},"end":{"line":3,"column":49}},"3":{"start":{"line":8,"column":20},"end":{"line":53,"column":null}},"4":{"start":{"line":10,"column":2},"end":{"line":10,"column":null}},"5":{"start":{"line":13,"column":2},"end":{"line":13,"column":null}},"6":{"start":{"line":16,"column":2},"end":{"line":16,"column":null}},"7":{"start":{"line":19,"column":2},"end":{"line":19,"column":null}},"8":{"start":{"line":22,"column":2},"end":{"line":22,"column":null}},"9":{"start":{"line":25,"column":2},"end":{"line":25,"column":null}},"10":{"start":{"line":28,"column":2},"end":{"line":28,"column":null}},"11":{"start":{"line":31,"column":2},"end":{"line":31,"column":null}},"12":{"start":{"line":34,"column":2},"end":{"line":34,"column":null}},"13":{"start":{"line":37,"column":2},"end":{"line":37,"column":null}},"14":{"start":{"line":40,"column":2},"end":{"line":40,"column":null}},"15":{"start":{"line":43,"column":2},"end":{"line":43,"column":null}},"16":{"start":{"line":52,"column":2},"end":{"line":52,"column":null}},"17":{"start":{"line":48,"column":36},"end":{"line":48,"column":49}},"18":{"start":{"line":8,"column":13},"end":{"line":53,"column":null}},"19":{"start":{"line":54,"column":13},"end":{"line":54,"column":67}}},"fnMap":{"0":{"name":"(anonymous_2)","decl":{"start":{"line":48,"column":17},"end":{"line":48,"column":18}},"loc":{"start":{"line":48,"column":36},"end":{"line":48,"column":49}}}},"branchMap":{},"s":{"0":0,"1":0,"2":0,"3":0,"4":0,"5":0,"6":0,"7":0,"8":0,"9":0,"10":0,"11":0,"12":0,"13":0,"14":0,"15":0,"16":0,"17":0,"18":0,"19":0},"f":{"0":0},"b":{}}
,"/Users/huilenpena/Factoriaf5/github-classroom/u-know-latin-backend/api/src/schemas/users.schema.ts": {"path":"/Users/huilenpena/Factoriaf5/github-classroom/u-know-latin-backend/api/src/schemas/users.schema.ts","statementMap":{"0":{"start":{"line":1,"column":0},"end":{"line":1,"column":63}},"1":{"start":{"line":2,"column":0},"end":{"line":2,"column":54}},"2":{"start":{"line":3,"column":0},"end":{"line":3,"column":35}},"3":{"start":{"line":4,"column":0},"end":{"line":4,"column":47}},"4":{"start":{"line":9,"column":17},"end":{"line":35,"column":null}},"5":{"start":{"line":33,"column":4},"end":{"line":33,"column":68}},"6":{"start":{"line":11,"column":2},"end":{"line":11,"column":null}},"7":{"start":{"line":13,"column":2},"end":{"line":13,"column":null}},"8":{"start":{"line":15,"column":2},"end":{"line":15,"column":null}},"9":{"start":{"line":17,"column":2},"end":{"line":17,"column":null}},"10":{"start":{"line":19,"column":2},"end":{"line":19,"column":null}},"11":{"start":{"line":21,"column":2},"end":{"line":21,"column":null}},"12":{"start":{"line":23,"column":2},"end":{"line":23,"column":null}},"13":{"start":{"line":25,"column":2},"end":{"line":25,"column":null}},"14":{"start":{"line":27,"column":2},"end":{"line":27,"column":null}},"15":{"start":{"line":29,"column":2},"end":{"line":29,"column":null}},"16":{"start":{"line":31,"column":2},"end":{"line":31,"column":null}},"17":{"start":{"line":9,"column":13},"end":{"line":35,"column":null}},"18":{"start":{"line":36,"column":13},"end":{"line":36,"column":61}},"19":{"start":{"line":38,"column":0},"end":{"line":51,"column":3}},"20":{"start":{"line":39,"column":15},"end":{"line":39,"column":19}},"21":{"start":{"line":41,"column":2},"end":{"line":41,"column":50}},"22":{"start":{"line":41,"column":36},"end":{"line":41,"column":50}},"23":{"start":{"line":43,"column":2},"end":{"line":50,"column":5}},"24":{"start":{"line":44,"column":4},"end":{"line":44,"column":30}},"25":{"start":{"line":44,"column":13},"end":{"line":44,"column":30}},"26":{"start":{"line":45,"column":4},"end":{"line":49,"column":7}},"27":{"start":{"line":46,"column":6},"end":{"line":46,"column":32}},"28":{"start":{"line":46,"column":15},"end":{"line":46,"column":32}},"29":{"start":{"line":47,"column":6},"end":{"line":47,"column":27}},"30":{"start":{"line":48,"column":6},"end":{"line":48,"column":13}},"31":{"start":{"line":53,"column":0},"end":{"line":58,"column":2}},"32":{"start":{"line":56,"column":15},"end":{"line":56,"column":27}},"33":{"start":{"line":57,"column":2},"end":{"line":57,"column":58}}},"fnMap":{"0":{"name":"(anonymous_2)","decl":{"start":{"line":32,"column":2},"end":{"line":32,"column":7}},"loc":{"start":{"line":32,"column":40},"end":{"line":34,"column":3}}},"1":{"name":"(anonymous_3)","decl":{"start":{"line":38,"column":23},"end":{"line":38,"column":33}},"loc":{"start":{"line":38,"column":37},"end":{"line":51,"column":1}}},"2":{"name":"(anonymous_4)","decl":{"start":{"line":43,"column":21},"end":{"line":43,"column":31}},"loc":{"start":{"line":43,"column":40},"end":{"line":50,"column":3}}},"3":{"name":"(anonymous_5)","decl":{"start":{"line":45,"column":37},"end":{"line":45,"column":47}},"loc":{"start":{"line":45,"column":56},"end":{"line":49,"column":5}}},"4":{"name":"(anonymous_6)","decl":{"start":{"line":53,"column":37},"end":{"line":53,"column":42}},"loc":{"start":{"line":54,"column":27},"end":{"line":58,"column":1}}}},"branchMap":{"0":{"loc":{"start":{"line":41,"column":2},"end":{"line":41,"column":50}},"type":"if","locations":[{"start":{"line":41,"column":2},"end":{"line":41,"column":50}}]},"1":{"loc":{"start":{"line":44,"column":4},"end":{"line":44,"column":30}},"type":"if","locations":[{"start":{"line":44,"column":4},"end":{"line":44,"column":30}}]},"2":{"loc":{"start":{"line":46,"column":6},"end":{"line":46,"column":32}},"type":"if","locations":[{"start":{"line":46,"column":6},"end":{"line":46,"column":32}}]}},"s":{"0":3,"1":3,"2":3,"3":3,"4":3,"5":0,"6":3,"7":3,"8":3,"9":3,"10":3,"11":3,"12":3,"13":3,"14":3,"15":3,"16":3,"17":3,"18":3,"19":3,"20":0,"21":0,"22":0,"23":0,"24":0,"25":0,"26":0,"27":0,"28":0,"29":0,"30":0,"31":3,"32":0,"33":0},"f":{"0":0,"1":0,"2":0,"3":0,"4":0},"b":{"0":[0],"1":[0],"2":[0]}}
,"/Users/huilenpena/Factoriaf5/github-classroom/u-know-latin-backend/api/src/user/user.controller.ts": {"path":"/Users/huilenpena/Factoriaf5/github-classroom/u-know-latin-backend/api/src/user/user.controller.ts","statementMap":{"0":{"start":{"line":1,"column":0},"end":{"line":1,"column":null}},"1":{"start":{"line":12,"column":0},"end":{"line":12,"column":45}},"2":{"start":{"line":13,"column":0},"end":{"line":13,"column":54}},"3":{"start":{"line":14,"column":0},"end":{"line":14,"column":54}},"4":{"start":{"line":15,"column":0},"end":{"line":15,"column":null}},"5":{"start":{"line":21,"column":0},"end":{"line":21,"column":59}},"6":{"start":{"line":22,"column":0},"end":{"line":22,"column":47}},"7":{"start":{"line":23,"column":0},"end":{"line":23,"column":61}},"8":{"start":{"line":26,"column":0},"end":{"line":26,"column":56}},"9":{"start":{"line":33,"column":27},"end":{"line":77,"column":null}},"10":{"start":{"line":34,"column":31},"end":{"line":34,"column":44}},"11":{"start":{"line":40,"column":4},"end":{"line":40,"column":50}},"12":{"start":{"line":47,"column":4},"end":{"line":47,"column":38}},"13":{"start":{"line":55,"column":4},"end":{"line":55,"column":40}},"14":{"start":{"line":66,"column":18},"end":{"line":66,"column":67}},"15":{"start":{"line":67,"column":4},"end":{"line":67,"column":61}},"16":{"start":{"line":75,"column":4},"end":{"line":75,"column":39}},"17":{"start":{"line":39,"column":2},"end":{"line":41,"column":null}},"18":{"start":{"line":46,"column":2},"end":{"line":48,"column":null}},"19":{"start":{"line":54,"column":2},"end":{"line":56,"column":null}},"20":{"start":{"line":61,"column":2},"end":{"line":68,"column":null}},"21":{"start":{"line":74,"column":2},"end":{"line":76,"column":null}},"22":{"start":{"line":33,"column":13},"end":{"line":77,"column":null}}},"fnMap":{"0":{"name":"(anonymous_4)","decl":{"start":{"line":34,"column":2},"end":{"line":34,"column":31}},"loc":{"start":{"line":34,"column":55},"end":{"line":34,"column":59}}},"1":{"name":"(anonymous_5)","decl":{"start":{"line":39,"column":2},"end":{"line":39,"column":8}},"loc":{"start":{"line":39,"column":45},"end":{"line":41,"column":3}}},"2":{"name":"(anonymous_6)","decl":{"start":{"line":46,"column":2},"end":{"line":46,"column":9}},"loc":{"start":{"line":46,"column":9},"end":{"line":48,"column":3}}},"3":{"name":"(anonymous_7)","decl":{"start":{"line":54,"column":2},"end":{"line":54,"column":9}},"loc":{"start":{"line":54,"column":33},"end":{"line":56,"column":3}}},"4":{"name":"(anonymous_8)","decl":{"start":{"line":61,"column":2},"end":{"line":61,"column":8}},"loc":{"start":{"line":64,"column":40},"end":{"line":68,"column":3}}},"5":{"name":"(anonymous_9)","decl":{"start":{"line":74,"column":2},"end":{"line":74,"column":8}},"loc":{"start":{"line":74,"column":32},"end":{"line":76,"column":3}}}},"branchMap":{"0":{"loc":{"start":{"line":66,"column":18},"end":{"line":66,"column":67}},"type":"cond-expr","locations":[{"start":{"line":66,"column":43},"end":{"line":66,"column":45}},{"start":{"line":66,"column":43},"end":{"line":66,"column":67}}]},"1":{"loc":{"start":{"line":66,"column":18},"end":{"line":66,"column":45}},"type":"binary-expr","locations":[{"start":{"line":66,"column":18},"end":{"line":66,"column":45}},{"start":{"line":66,"column":43},"end":{"line":66,"column":45}}]}},"s":{"0":0,"1":0,"2":0,"3":0,"4":0,"5":0,"6":0,"7":0,"8":0,"9":0,"10":0,"11":0,"12":0,"13":0,"14":0,"15":0,"16":0,"17":0,"18":0,"19":0,"20":0,"21":0,"22":0},"f":{"0":0,"1":0,"2":0,"3":0,"4":0,"5":0},"b":{"0":[0,0],"1":[0,0]}}
,"/Users/huilenpena/Factoriaf5/github-classroom/u-know-latin-backend/api/src/user/user.module.ts": {"path":"/Users/huilenpena/Factoriaf5/github-classroom/u-know-latin-backend/api/src/user/user.module.ts","statementMap":{"0":{"start":{"line":1,"column":0},"end":{"line":1,"column":40}},"1":{"start":{"line":2,"column":0},"end":{"line":2,"column":45}},"2":{"start":{"line":3,"column":0},"end":{"line":3,"column":51}},"3":{"start":{"line":4,"column":0},"end":{"line":4,"column":50}},"4":{"start":{"line":5,"column":0},"end":{"line":5,"column":59}},"5":{"start":{"line":7,"column":0},"end":{"line":7,"column":40}},"6":{"start":{"line":8,"column":0},"end":{"line":8,"column":47}},"7":{"start":{"line":29,"column":23},"end":{"line":29,"column":null}},"8":{"start":{"line":29,"column":13},"end":{"line":29,"column":null}},"9":{"start":{"line":14,"column":8},"end":{"line":19,"column":10}}},"fnMap":{"0":{"name":"(anonymous_1)","decl":{"start":{"line":13,"column":18},"end":{"line":13,"column":19}},"loc":{"start":{"line":13,"column":51},"end":{"line":20,"column":7}}}},"branchMap":{},"s":{"0":0,"1":0,"2":0,"3":0,"4":0,"5":0,"6":0,"7":0,"8":0,"9":0},"f":{"0":0},"b":{}}
,"/Users/huilenpena/Factoriaf5/github-classroom/u-know-latin-backend/api/src/user/user.service.ts": {"path":"/Users/huilenpena/Factoriaf5/github-classroom/u-know-latin-backend/api/src/user/user.service.ts","statementMap":{"0":{"start":{"line":1,"column":0},"end":{"line":1,"column":71}},"1":{"start":{"line":4,"column":0},"end":{"line":4,"column":62}},"2":{"start":{"line":5,"column":0},"end":{"line":5,"column":48}},"3":{"start":{"line":6,"column":0},"end":{"line":6,"column":33}},"4":{"start":{"line":7,"column":0},"end":{"line":7,"column":41}},"5":{"start":{"line":9,"column":24},"end":{"line":60,"column":null}},"6":{"start":{"line":11,"column":45},"end":{"line":11,"column":56}},"7":{"start":{"line":12,"column":21},"end":{"line":12,"column":33}},"8":{"start":{"line":15,"column":4},"end":{"line":25,"column":null}},"9":{"start":{"line":16,"column":26},"end":{"line":16,"column":68}},"10":{"start":{"line":17,"column":6},"end":{"line":17,"column":25}},"11":{"start":{"line":19,"column":6},"end":{"line":24,"column":null}},"12":{"start":{"line":20,"column":8},"end":{"line":23,"column":10}},"13":{"start":{"line":28,"column":4},"end":{"line":28,"column":40}},"14":{"start":{"line":31,"column":4},"end":{"line":31,"column":54}},"15":{"start":{"line":34,"column":17},"end":{"line":34,"column":50}},"16":{"start":{"line":35,"column":4},"end":{"line":35,"column":34}},"17":{"start":{"line":36,"column":4},"end":{"line":38,"column":null}},"18":{"start":{"line":37,"column":6},"end":{"line":37,"column":72}},"19":{"start":{"line":40,"column":25},"end":{"line":40,"column":54}},"20":{"start":{"line":41,"column":4},"end":{"line":43,"column":null}},"21":{"start":{"line":42,"column":6},"end":{"line":42,"column":71}},"22":{"start":{"line":45,"column":4},"end":{"line":45,"column":39}},"23":{"start":{"line":47,"column":24},"end":{"line":47,"column":41}},"24":{"start":{"line":48,"column":4},"end":{"line":48,"column":23}},"25":{"start":{"line":52,"column":24},"end":{"line":54,"column":13}},"26":{"start":{"line":55,"column":4},"end":{"line":57,"column":null}},"27":{"start":{"line":56,"column":6},"end":{"line":56,"column":72}},"28":{"start":{"line":58,"column":4},"end":{"line":58,"column":23}},"29":{"start":{"line":9,"column":13},"end":{"line":60,"column":null}}},"fnMap":{"0":{"name":"(anonymous_4)","decl":{"start":{"line":10,"column":2},"end":{"line":10,"column":null}},"loc":{"start":{"line":12,"column":43},"end":{"line":13,"column":6}}},"1":{"name":"(anonymous_5)","decl":{"start":{"line":14,"column":2},"end":{"line":14,"column":7}},"loc":{"start":{"line":14,"column":43},"end":{"line":26,"column":3}}},"2":{"name":"(anonymous_6)","decl":{"start":{"line":27,"column":2},"end":{"line":27,"column":7}},"loc":{"start":{"line":27,"column":15},"end":{"line":29,"column":3}}},"3":{"name":"(anonymous_7)","decl":{"start":{"line":30,"column":2},"end":{"line":30,"column":7}},"loc":{"start":{"line":30,"column":26},"end":{"line":32,"column":3}}},"4":{"name":"(anonymous_8)","decl":{"start":{"line":33,"column":2},"end":{"line":33,"column":7}},"loc":{"start":{"line":33,"column":70},"end":{"line":49,"column":3}}},"5":{"name":"(anonymous_9)","decl":{"start":{"line":51,"column":2},"end":{"line":51,"column":7}},"loc":{"start":{"line":51,"column":25},"end":{"line":59,"column":3}}}},"branchMap":{"0":{"loc":{"start":{"line":19,"column":6},"end":{"line":24,"column":null}},"type":"if","locations":[{"start":{"line":19,"column":6},"end":{"line":24,"column":null}}]},"1":{"loc":{"start":{"line":36,"column":4},"end":{"line":38,"column":null}},"type":"if","locations":[{"start":{"line":36,"column":4},"end":{"line":38,"column":null}}]},"2":{"loc":{"start":{"line":41,"column":4},"end":{"line":43,"column":null}},"type":"if","locations":[{"start":{"line":41,"column":4},"end":{"line":43,"column":null}}]},"3":{"loc":{"start":{"line":55,"column":4},"end":{"line":57,"column":null}},"type":"if","locations":[{"start":{"line":55,"column":4},"end":{"line":57,"column":null}}]}},"s":{"0":1,"1":1,"2":1,"3":1,"4":1,"5":1,"6":0,"7":0,"8":0,"9":0,"10":0,"11":0,"12":0,"13":0,"14":0,"15":0,"16":0,"17":0,"18":0,"19":0,"20":0,"21":0,"22":0,"23":0,"24":0,"25":0,"26":0,"27":0,"28":0,"29":1},"f":{"0":0,"1":0,"2":0,"3":0,"4":0,"5":0},"b":{"0":[0],"1":[0],"2":[0],"3":[0]}}
,"/Users/huilenpena/Factoriaf5/github-classroom/u-know-latin-backend/api/src/user/dto/create-user.dto.ts": {"path":"/Users/huilenpena/Factoriaf5/github-classroom/u-know-latin-backend/api/src/user/dto/create-user.dto.ts","statementMap":{"0":{"start":{"line":1,"column":0},"end":{"line":1,"column":null}},"1":{"start":{"line":11,"column":0},"end":{"line":11,"column":46}},"2":{"start":{"line":12,"column":0},"end":{"line":12,"column":46}},"3":{"start":{"line":14,"column":0},"end":{"line":14,"column":13}},"4":{"start":{"line":18,"column":2},"end":{"line":18,"column":null}},"5":{"start":{"line":23,"column":2},"end":{"line":23,"column":null}},"6":{"start":{"line":28,"column":2},"end":{"line":28,"column":null}},"7":{"start":{"line":33,"column":2},"end":{"line":33,"column":null}},"8":{"start":{"line":38,"column":2},"end":{"line":38,"column":null}},"9":{"start":{"line":43,"column":2},"end":{"line":43,"column":null}},"10":{"start":{"line":48,"column":2},"end":{"line":48,"column":null}},"11":{"start":{"line":53,"column":2},"end":{"line":53,"column":null}},"12":{"start":{"line":58,"column":2},"end":{"line":58,"column":null}},"13":{"start":{"line":63,"column":2},"end":{"line":63,"column":null}},"14":{"start":{"line":69,"column":2},"end":{"line":69,"column":null}},"15":{"start":{"line":68,"column":25},"end":{"line":68,"column":57}}},"fnMap":{"0":{"name":"(anonymous_2)","decl":{"start":{"line":68,"column":13},"end":{"line":68,"column":14}},"loc":{"start":{"line":68,"column":25},"end":{"line":68,"column":57}}}},"branchMap":{"0":{"loc":{"start":{"line":68,"column":25},"end":{"line":68,"column":57}},"type":"cond-expr","locations":[{"start":{"line":68,"column":47},"end":{"line":68,"column":49}},{"start":{"line":68,"column":52},"end":{"line":68,"column":57}}]}},"s":{"0":1,"1":1,"2":1,"3":1,"4":1,"5":1,"6":1,"7":1,"8":1,"9":1,"10":1,"11":1,"12":1,"13":1,"14":1,"15":0},"f":{"0":0},"b":{"0":[0,0]}}
,"/Users/huilenpena/Factoriaf5/github-classroom/u-know-latin-backend/api/src/user/dto/update-user.dto.ts": {"path":"/Users/huilenpena/Factoriaf5/github-classroom/u-know-latin-backend/api/src/user/dto/update-user.dto.ts","statementMap":{"0":{"start":{"line":1,"column":0},"end":{"line":1,"column":56}},"1":{"start":{"line":2,"column":0},"end":{"line":2,"column":50}},"2":{"start":{"line":4,"column":0},"end":{"line":4,"column":13}}},"fnMap":{},"branchMap":{},"s":{"0":0,"1":0,"2":0},"f":{},"b":{}}
}
